<?xml version="1.0" encoding="UTF-8" ?>
<testsuite failures="0" time="0.006" errors="0" skipped="0" tests="1" name="junit.googlecode.genericdao.search.InternalUtilTest">
  <properties>
    <property name="java.runtime.name" value="Java(TM) SE Runtime Environment"/>
    <property name="sun.boot.library.path" value="D:\devel\java\sdk\jdk1.7.0_13_64bit\jre\bin"/>
    <property name="java.vm.version" value="23.7-b01"/>
    <property name="user.country.format" value="IR"/>
    <property name="java.vm.vendor" value="Oracle Corporation"/>
    <property name="java.vendor.url" value="http://java.oracle.com/"/>
    <property name="path.separator" value=";"/>
    <property name="java.vm.name" value="Java HotSpot(TM) 64-Bit Server VM"/>
    <property name="file.encoding.pkg" value="sun.io"/>
    <property name="user.script" value=""/>
    <property name="user.country" value="US"/>
    <property name="sun.java.launcher" value="SUN_STANDARD"/>
    <property name="sun.os.patch.level" value="Service Pack 1"/>
    <property name="java.vm.specification.name" value="Java Virtual Machine Specification"/>
    <property name="user.dir" value="D:\svn\hibernate-generic-dao-read-only\search"/>
    <property name="java.runtime.version" value="1.7.0_13-b20"/>
    <property name="java.awt.graphicsenv" value="sun.awt.Win32GraphicsEnvironment"/>
    <property name="basedir" value="D:\svn\hibernate-generic-dao-read-only\search"/>
    <property name="java.endorsed.dirs" value="D:\devel\java\sdk\jdk1.7.0_13_64bit\jre\lib\endorsed"/>
    <property name="os.arch" value="amd64"/>
    <property name="surefire.real.class.path" value="C:\Users\Mohsen\AppData\Local\Temp\surefirebooter8666466113171782637.jar"/>
    <property name="java.io.tmpdir" value="C:\Users\Mohsen\AppData\Local\Temp\"/>
    <property name="line.separator" value="
"/>
    <property name="java.vm.specification.vendor" value="Oracle Corporation"/>
    <property name="user.variant" value=""/>
    <property name="os.name" value="Windows 7"/>
    <property name="sun.jnu.encoding" value="Cp1256"/>
    <property name="java.library.path" value="D:\devel\java\sdk\jdk1.7.0_13_64bit\jre\bin;C:\Windows\Sun\Java\bin;C:\Windows\system32;C:\Windows;c:\program files\graphicsmagick-1.3.19-q8;C:\Program Files\Common Files\Microsoft Shared\Windows Live;C:\Program Files (x86)\Common Files\Microsoft Shared\Windows Live;C:\Perl64\site\bin;C:\Perl64\bin;C:\Program Files\ImageMagick-6.7.1-Q16;C:\oraclexe\app\oracle\product\10.2.0\server\bin;C:\Program Files (x86)\PC Connectivity Solution\;C:\Program Files (x86)\MiKTeX 2.9\miktex\bin;C:\Windows\system32;C:\Windows;C:\Windows\System32\Wbem;C:\Windows\System32\WindowsPowerShell\v1.0\;C:\Program Files\Dell\Dell Wireless WLAN Card;c:\Program Files (x86)\ATI Technologies\ATI.ACE\Core-Static;c:\Program Files (x86)\Common Files\Roxio Shared\DLLShared\;C:\Program Files (x86)\Windows Live\Shared;D:\devel\java\tools\apache\apache-maven-3.0.1\bin;D:\devel\java\sdk\jdk1.6.0_23\bin;C:\Program Files (x86)\misc;;D:\devel\java\tools\apache\ant\apache-ant-1.8.2\bin;C:\Program Files (x86)\ImageMagick-6.4.2-Q16;C:\Program Files (x86)\Smart Projects\IsoBuster;D:\devel\java\tools\apache\maven\apache-maven-3.0.1\bin;C:\Program Files\SlikSvn\bin\;c:\Program Files (x86)\Microsoft SQL Server\100\Tools\Binn\;c:\Program Files\Microsoft SQL Server\100\Tools\Binn\;c:\Program Files\Microsoft SQL Server\100\DTS\Binn\;C:\Program Files (x86)\OpenOffice.org 3\URE\bin;C:\Program Files (x86)\Graphviz 2.28\bin;D:\devel\virtualization\cygwin\bin;C:\Program Files (x86)\QuickTime\QTSystem\;C:\Program Files (x86)\GtkSharp\2.12\bin;C:\Program Files\Mercurial;C:\Program Files (x86)\Nmap;D:\devel\java\eclipse\sts\3.0.0.RELEASE\spring-roo-1.2.2.RELEASE\bin;C:\Program Files (x86)\gs\gs9.02\bin;C:\Program Files (x86)\MySQL\MySQL Server 5.1\bin;;."/>
    <property name="surefire.test.class.path" value="D:\svn\hibernate-generic-dao-read-only\search\target\test-classes;D:\svn\hibernate-generic-dao-read-only\search\target\classes;C:\Users\Mohsen\.m2\repository\org\slf4j\slf4j-api\1.7.2\slf4j-api-1.7.2.jar;C:\Users\Mohsen\.m2\repository\org\hibernate\javax\persistence\hibernate-jpa-2.0-api\1.0.1.Final\hibernate-jpa-2.0-api-1.0.1.Final.jar;D:\svn\hibernate-generic-dao-read-only\test-base\target\test-base-1.3.0-SNAPSHOT.jar;C:\Users\Mohsen\.m2\repository\org\slf4j\slf4j-log4j12\1.7.2\slf4j-log4j12-1.7.2.jar;C:\Users\Mohsen\.m2\repository\log4j\log4j\1.2.17\log4j-1.2.17.jar;C:\Users\Mohsen\.m2\repository\mysql\mysql-connector-java\5.1.22\mysql-connector-java-5.1.22.jar;C:\Users\Mohsen\.m2\repository\com\h2database\h2\1.3.170\h2-1.3.170.jar;C:\Users\Mohsen\.m2\repository\org\springframework\spring-context\3.2.1.RELEASE\spring-context-3.2.1.RELEASE.jar;C:\Users\Mohsen\.m2\repository\org\springframework\spring-beans\3.2.1.RELEASE\spring-beans-3.2.1.RELEASE.jar;C:\Users\Mohsen\.m2\repository\org\springframework\spring-aop\3.2.1.RELEASE\spring-aop-3.2.1.RELEASE.jar;C:\Users\Mohsen\.m2\repository\org\springframework\spring-expression\3.2.1.RELEASE\spring-expression-3.2.1.RELEASE.jar;C:\Users\Mohsen\.m2\repository\org\springframework\spring-core\3.2.1.RELEASE\spring-core-3.2.1.RELEASE.jar;C:\Users\Mohsen\.m2\repository\commons-logging\commons-logging\1.1.1\commons-logging-1.1.1.jar;C:\Users\Mohsen\.m2\repository\org\springframework\spring-test\3.2.1.RELEASE\spring-test-3.2.1.RELEASE.jar;C:\Users\Mohsen\.m2\repository\org\springframework\spring-jdbc\3.2.1.RELEASE\spring-jdbc-3.2.1.RELEASE.jar;C:\Users\Mohsen\.m2\repository\org\springframework\spring-tx\3.2.1.RELEASE\spring-tx-3.2.1.RELEASE.jar;C:\Users\Mohsen\.m2\repository\org\springframework\spring-orm\3.2.1.RELEASE\spring-orm-3.2.1.RELEASE.jar;C:\Users\Mohsen\.m2\repository\aopalliance\aopalliance\1.0\aopalliance-1.0.jar;C:\Users\Mohsen\.m2\repository\javax\annotation\jsr250-api\1.0\jsr250-api-1.0.jar;C:\Users\Mohsen\.m2\repository\org\hibernate\hibernate-entitymanager\4.2.0.CR1\hibernate-entitymanager-4.2.0.CR1.jar;C:\Users\Mohsen\.m2\repository\org\jboss\logging\jboss-logging\3.1.0.GA\jboss-logging-3.1.0.GA.jar;C:\Users\Mohsen\.m2\repository\org\jboss\spec\javax\transaction\jboss-transaction-api_1.1_spec\1.0.0.Final\jboss-transaction-api_1.1_spec-1.0.0.Final.jar;C:\Users\Mohsen\.m2\repository\dom4j\dom4j\1.6.1\dom4j-1.6.1.jar;C:\Users\Mohsen\.m2\repository\org\hibernate\hibernate-core\4.2.0.CR1\hibernate-core-4.2.0.CR1.jar;C:\Users\Mohsen\.m2\repository\antlr\antlr\2.7.7\antlr-2.7.7.jar;C:\Users\Mohsen\.m2\repository\org\javassist\javassist\3.15.0-GA\javassist-3.15.0-GA.jar;C:\Users\Mohsen\.m2\repository\org\hibernate\common\hibernate-commons-annotations\4.0.1.Final\hibernate-commons-annotations-4.0.1.Final.jar;C:\Users\Mohsen\.m2\repository\junit\junit\4.11\junit-4.11.jar;C:\Users\Mohsen\.m2\repository\org\hamcrest\hamcrest-core\1.3\hamcrest-core-1.3.jar;"/>
    <property name="java.specification.name" value="Java Platform API Specification"/>
    <property name="java.class.version" value="51.0"/>
    <property name="sun.management.compiler" value="HotSpot 64-Bit Tiered Compilers"/>
    <property name="os.version" value="6.1"/>
    <property name="user.home" value="C:\Users\Mohsen"/>
    <property name="user.timezone" value=""/>
    <property name="java.awt.printerjob" value="sun.awt.windows.WPrinterJob"/>
    <property name="java.specification.version" value="1.7"/>
    <property name="file.encoding" value="Cp1256"/>
    <property name="user.name" value="Mohsen"/>
    <property name="java.class.path" value="D:\svn\hibernate-generic-dao-read-only\search\target\test-classes;D:\svn\hibernate-generic-dao-read-only\search\target\classes;C:\Users\Mohsen\.m2\repository\org\slf4j\slf4j-api\1.7.2\slf4j-api-1.7.2.jar;C:\Users\Mohsen\.m2\repository\org\hibernate\javax\persistence\hibernate-jpa-2.0-api\1.0.1.Final\hibernate-jpa-2.0-api-1.0.1.Final.jar;D:\svn\hibernate-generic-dao-read-only\test-base\target\test-base-1.3.0-SNAPSHOT.jar;C:\Users\Mohsen\.m2\repository\org\slf4j\slf4j-log4j12\1.7.2\slf4j-log4j12-1.7.2.jar;C:\Users\Mohsen\.m2\repository\log4j\log4j\1.2.17\log4j-1.2.17.jar;C:\Users\Mohsen\.m2\repository\mysql\mysql-connector-java\5.1.22\mysql-connector-java-5.1.22.jar;C:\Users\Mohsen\.m2\repository\com\h2database\h2\1.3.170\h2-1.3.170.jar;C:\Users\Mohsen\.m2\repository\org\springframework\spring-context\3.2.1.RELEASE\spring-context-3.2.1.RELEASE.jar;C:\Users\Mohsen\.m2\repository\org\springframework\spring-beans\3.2.1.RELEASE\spring-beans-3.2.1.RELEASE.jar;C:\Users\Mohsen\.m2\repository\org\springframework\spring-aop\3.2.1.RELEASE\spring-aop-3.2.1.RELEASE.jar;C:\Users\Mohsen\.m2\repository\org\springframework\spring-expression\3.2.1.RELEASE\spring-expression-3.2.1.RELEASE.jar;C:\Users\Mohsen\.m2\repository\org\springframework\spring-core\3.2.1.RELEASE\spring-core-3.2.1.RELEASE.jar;C:\Users\Mohsen\.m2\repository\commons-logging\commons-logging\1.1.1\commons-logging-1.1.1.jar;C:\Users\Mohsen\.m2\repository\org\springframework\spring-test\3.2.1.RELEASE\spring-test-3.2.1.RELEASE.jar;C:\Users\Mohsen\.m2\repository\org\springframework\spring-jdbc\3.2.1.RELEASE\spring-jdbc-3.2.1.RELEASE.jar;C:\Users\Mohsen\.m2\repository\org\springframework\spring-tx\3.2.1.RELEASE\spring-tx-3.2.1.RELEASE.jar;C:\Users\Mohsen\.m2\repository\org\springframework\spring-orm\3.2.1.RELEASE\spring-orm-3.2.1.RELEASE.jar;C:\Users\Mohsen\.m2\repository\aopalliance\aopalliance\1.0\aopalliance-1.0.jar;C:\Users\Mohsen\.m2\repository\javax\annotation\jsr250-api\1.0\jsr250-api-1.0.jar;C:\Users\Mohsen\.m2\repository\org\hibernate\hibernate-entitymanager\4.2.0.CR1\hibernate-entitymanager-4.2.0.CR1.jar;C:\Users\Mohsen\.m2\repository\org\jboss\logging\jboss-logging\3.1.0.GA\jboss-logging-3.1.0.GA.jar;C:\Users\Mohsen\.m2\repository\org\jboss\spec\javax\transaction\jboss-transaction-api_1.1_spec\1.0.0.Final\jboss-transaction-api_1.1_spec-1.0.0.Final.jar;C:\Users\Mohsen\.m2\repository\dom4j\dom4j\1.6.1\dom4j-1.6.1.jar;C:\Users\Mohsen\.m2\repository\org\hibernate\hibernate-core\4.2.0.CR1\hibernate-core-4.2.0.CR1.jar;C:\Users\Mohsen\.m2\repository\antlr\antlr\2.7.7\antlr-2.7.7.jar;C:\Users\Mohsen\.m2\repository\org\javassist\javassist\3.15.0-GA\javassist-3.15.0-GA.jar;C:\Users\Mohsen\.m2\repository\org\hibernate\common\hibernate-commons-annotations\4.0.1.Final\hibernate-commons-annotations-4.0.1.Final.jar;C:\Users\Mohsen\.m2\repository\junit\junit\4.11\junit-4.11.jar;C:\Users\Mohsen\.m2\repository\org\hamcrest\hamcrest-core\1.3\hamcrest-core-1.3.jar;"/>
    <property name="java.vm.specification.version" value="1.7"/>
    <property name="sun.arch.data.model" value="64"/>
    <property name="java.home" value="D:\devel\java\sdk\jdk1.7.0_13_64bit\jre"/>
    <property name="sun.java.command" value="C:\Users\Mohsen\AppData\Local\Temp\surefirebooter8666466113171782637.jar C:\Users\Mohsen\AppData\Local\Temp\surefire6692552468647340628tmp C:\Users\Mohsen\AppData\Local\Temp\surefire138722119380557570tmp"/>
    <property name="java.specification.vendor" value="Oracle Corporation"/>
    <property name="user.language" value="en"/>
    <property name="user.language.format" value="fa"/>
    <property name="awt.toolkit" value="sun.awt.windows.WToolkit"/>
    <property name="java.vm.info" value="mixed mode"/>
    <property name="java.version" value="1.7.0_13"/>
    <property name="java.ext.dirs" value="D:\devel\java\sdk\jdk1.7.0_13_64bit\jre\lib\ext;C:\Windows\Sun\Java\lib\ext"/>
    <property name="sun.boot.class.path" value="D:\devel\java\sdk\jdk1.7.0_13_64bit\jre\lib\resources.jar;D:\devel\java\sdk\jdk1.7.0_13_64bit\jre\lib\rt.jar;D:\devel\java\sdk\jdk1.7.0_13_64bit\jre\lib\sunrsasign.jar;D:\devel\java\sdk\jdk1.7.0_13_64bit\jre\lib\jsse.jar;D:\devel\java\sdk\jdk1.7.0_13_64bit\jre\lib\jce.jar;D:\devel\java\sdk\jdk1.7.0_13_64bit\jre\lib\charsets.jar;D:\devel\java\sdk\jdk1.7.0_13_64bit\jre\lib\jfr.jar;D:\devel\java\sdk\jdk1.7.0_13_64bit\jre\classes"/>
    <property name="java.vendor" value="Oracle Corporation"/>
    <property name="localRepository" value="C:\Users\Mohsen\.m2\repository"/>
    <property name="file.separator" value="\"/>
    <property name="java.vendor.url.bug" value="http://bugreport.sun.com/bugreport/"/>
    <property name="sun.cpu.endian" value="little"/>
    <property name="sun.io.unicode.encoding" value="UnicodeLittle"/>
    <property name="sun.desktop" value="windows"/>
    <property name="sun.cpu.isalist" value="amd64"/>
  </properties>
  <testcase time="0.001" classname="junit.googlecode.genericdao.search.InternalUtilTest" name="testConvertIfNeeded"/>
</testsuite>